[2019-11-09T14:10:31.811897+05:30] Votech.INFO: admin [] []
[2019-11-09T14:10:31.814787+05:30] Votech.ERROR:  [] []
[2019-11-09T14:10:33.346248+05:30] Votech.ERROR: username or password is invalid [] []
[2019-11-09T14:10:34.074675+05:30] Votech.ERROR: username or password is invalid [] []
[2019-11-09T14:10:34.873384+05:30] Votech.ERROR: username or password is invalid [] []
[2019-11-09T14:28:01.929301+05:30] Votech.INFO: admin [] []
[2019-11-09T14:28:01.930974+05:30] Votech.ERROR:  [] []
[2019-11-09T14:34:20.993137+05:30] Votech.INFO: admin [] []
[2019-11-09T14:34:20.993915+05:30] Votech.ERROR:  [] []
[2019-11-09T18:37:52.084821+05:30] Votech.INFO: admin [] []
[2019-11-09T18:37:52.086622+05:30] Votech.ERROR:  [] []
[2019-11-09T20:39:46.299866+05:30] Votech.INFO: admin [] []
[2019-11-09T20:39:46.301224+05:30] Votech.ERROR:  [] []
[2019-11-09T22:53:29.732740+05:30] Votech.INFO: admin [] []
[2019-11-09T22:53:29.734294+05:30] Votech.ERROR:  [] []
[2019-11-09T22:54:35.976200+05:30] Votech.ERROR: username or password is invalid [] []
[2019-11-09T22:54:40.592356+05:30] Votech.ERROR: username or password is invalid [] []
[2019-11-09T22:54:41.023376+05:30] Votech.ERROR: username or password is invalid [] []
[2019-11-09T22:54:41.209568+05:30] Votech.ERROR: username or password is invalid [] []
[2019-11-09T22:54:41.591923+05:30] Votech.ERROR: username or password is invalid [] []
[2019-11-09T22:54:41.839400+05:30] Votech.ERROR: username or password is invalid [] []
[2019-11-09T22:54:42.116036+05:30] Votech.ERROR: username or password is invalid [] []
[2019-11-09T22:54:42.322162+05:30] Votech.ERROR: username or password is invalid [] []
[2019-11-09T22:54:42.504635+05:30] Votech.ERROR: username or password is invalid [] []
[2019-11-09T22:55:25.877588+05:30] Votech.ERROR: username or password is invalid [] []
[2019-11-09T22:55:56.221931+05:30] Votech.ERROR: username or password is invalid [] []
[2019-11-10T18:37:32.579372+05:30] Votech.INFO: admin [] []
[2019-11-10T18:37:32.732731+05:30] Votech.ERROR:  [] []
[2019-11-11T10:35:05.351158+05:30] Votech.INFO: admin [] []
[2019-11-11T10:35:05.402644+05:30] Votech.ERROR:  [] []
[2019-11-11T14:29:52.476756+05:30] Votech.INFO: admin [] []
[2019-11-11T14:29:52.525419+05:30] Votech.ERROR:  [] []
[2019-11-11T18:30:39.333026+05:30] Votech.INFO: admin [] []
[2019-11-11T18:30:39.335386+05:30] Votech.ERROR:  [] []
[2019-11-11T19:10:08.885871+05:30] Votech.INFO: admin [] []
[2019-11-11T19:10:08.891026+05:30] Votech.ERROR:  [] []
[2019-11-12T17:02:01.794442+05:30] Votech.INFO: admin [] []
[2019-11-12T17:02:02.039737+05:30] Votech.ERROR:  [] []
[2019-11-12T17:22:17.590134+05:30] Votech.INFO: admin [] []
[2019-11-12T17:22:17.591718+05:30] Votech.ERROR:  [] []
[2019-11-12T17:54:50.084403+05:30] Votech.INFO: voter [] []
[2019-11-12T17:54:50.085656+05:30] Votech.ERROR:  [] []
[2019-11-12T17:55:34.400962+05:30] Votech.INFO: voter [] []
[2019-11-12T17:55:34.402213+05:30] Votech.ERROR:  [] []
[2019-11-12T17:58:12.675621+05:30] Votech.INFO: voter [] []
[2019-11-12T17:58:12.677865+05:30] Votech.ERROR:  [] []
[2019-11-13T20:41:03.997645+05:30] Votech.INFO: voter [] []
[2019-11-13T20:41:04.057814+05:30] Votech.ERROR:  [] []
[2019-11-13T20:41:10.638288+05:30] Votech.INFO: voter [] []
[2019-11-13T20:41:10.639717+05:30] Votech.ERROR:  [] []
[2019-11-13T20:42:26.615949+05:30] Votech.INFO: voter [] []
[2019-11-13T20:42:26.617961+05:30] Votech.ERROR:  [] []
[2019-11-14T05:18:39.246982+05:30] Votech.INFO: admin [] []
[2019-11-14T05:18:39.275162+05:30] Votech.ERROR:  [] []
[2019-11-14T05:50:37.946709+05:30] Votech.INFO: voter [] []
[2019-11-14T05:50:37.950515+05:30] Votech.ERROR:  [] []
[2019-11-14T11:28:17.235914+05:30] Votech.INFO: voter [] []
[2019-11-14T11:28:17.238880+05:30] Votech.ERROR:  [] []
[2019-11-14T14:29:26.387110+05:30] Votech.INFO: voter [] []
[2019-11-14T14:29:26.389282+05:30] Votech.ERROR:  [] []
[2019-11-14T14:46:04.882220+05:30] Votech.ERROR: Invalid username [] []
[2019-11-14T14:46:09.919001+05:30] Votech.INFO: voter [] []
[2019-11-14T14:46:09.920570+05:30] Votech.ERROR:  [] []
[2019-11-14T17:04:18.540214+05:30] Votech.INFO: voter [] []
[2019-11-14T17:04:18.583102+05:30] Votech.ERROR:  [] []
[2019-11-14T17:50:11.048993+05:30] Votech.INFO: voter [] []
[2019-11-14T17:50:11.050152+05:30] Votech.ERROR:  [] []
[2019-11-14T19:05:32.908857+05:30] Votech.INFO: voter [] []
[2019-11-14T19:05:33.090784+05:30] Votech.ERROR:  [] []
[2019-11-14T23:52:50.292822+05:30] Votech.INFO: voter [] []
[2019-11-14T23:52:50.373434+05:30] Votech.ERROR:  [] []
[2019-11-15T02:00:53.730268+05:30] Votech.INFO: admin [] []
[2019-11-15T02:00:53.770636+05:30] Votech.ERROR:  [] []
[2019-11-15T02:01:26.445510+05:30] Votech.INFO: voter [] []
[2019-11-15T02:01:26.447219+05:30] Votech.ERROR:  [] []
[2019-11-15T13:20:28.855150+05:30] Votech.INFO: voter [] []
[2019-11-15T13:20:28.888602+05:30] Votech.ERROR:  [] []
[2019-11-18T16:26:10.595404+05:30] Votech.INFO: admin [] []
[2019-11-18T16:26:10.621983+05:30] Votech.ERROR: Invalid username or password [] []
[2019-11-18T16:26:15.815081+05:30] Votech.INFO: admin [] []
[2019-11-18T16:26:15.816204+05:30] Votech.ERROR:  [] []
[2019-11-18T16:26:41.271782+05:30] Votech.INFO: voter [] []
[2019-11-18T16:26:41.273290+05:30] Votech.ERROR: Invalid username or password [] []
[2019-11-18T16:26:49.715233+05:30] Votech.INFO: voter [] []
[2019-11-18T16:26:49.715953+05:30] Votech.ERROR:  [] []
[2019-11-18T18:39:01.126158+05:30] Votech.INFO: voter [] []
[2019-11-18T18:39:01.154915+05:30] Votech.ERROR:  [] []
[2019-11-19T18:57:02.668812+05:30] Votech.INFO: voter [] []
[2019-11-19T18:57:03.007180+05:30] Votech.ERROR:  [] []
[2019-11-19T20:23:16.583091+05:30] Votech.INFO: admin [] []
[2019-11-19T20:23:16.585581+05:30] Votech.ERROR:  [] []
[2019-11-19T20:25:07.130660+05:30] Votech.INFO: admin [] []
[2019-11-19T20:25:07.132257+05:30] Votech.ERROR:  [] []
[2019-11-19T20:25:10.738650+05:30] Votech.INFO: admin [] []
[2019-11-19T20:25:10.740406+05:30] Votech.ERROR:  [] []
[2019-11-19T20:26:49.625723+05:30] Votech.INFO: admin [] []
[2019-11-19T20:26:49.627360+05:30] Votech.ERROR:  [] []
[2019-11-19T20:28:47.877050+05:30] Votech.INFO: admin [] []
[2019-11-19T20:28:47.879198+05:30] Votech.ERROR:  [] []
[2019-11-19T20:32:09.356334+05:30] Votech.INFO: voter [] []
[2019-11-19T20:32:09.358172+05:30] Votech.ERROR:  [] []
[2019-11-19T20:36:14.392790+05:30] Votech.INFO: admin [] []
[2019-11-19T20:36:14.394568+05:30] Votech.ERROR:  [] []
[2019-11-19T20:44:18.900908+05:30] Votech.INFO: voter [] []
[2019-11-19T20:44:18.902845+05:30] Votech.ERROR:  [] []
[2019-11-19T20:44:24.830857+05:30] Votech.INFO: admin [] []
[2019-11-19T20:44:24.832656+05:30] Votech.ERROR:  [] []
[2019-11-19T20:44:46.469838+05:30] Votech.INFO: voter [] []
[2019-11-19T20:44:46.471467+05:30] Votech.ERROR:  [] []
[2019-11-19T20:45:10.420554+05:30] Votech.INFO: voter [] []
[2019-11-19T20:45:10.422203+05:30] Votech.ERROR:  [] []
[2019-11-19T21:29:54.104609+05:30] Votech.INFO: voter [] []
[2019-11-19T21:29:54.106311+05:30] Votech.ERROR:  [] []
[2019-11-19T21:30:41.428174+05:30] Votech.INFO: voter [] []
[2019-11-19T21:30:41.430091+05:30] Votech.ERROR:  [] []
[2019-11-19T21:31:20.968755+05:30] Votech.INFO: voter [] []
[2019-11-19T21:31:20.970737+05:30] Votech.ERROR:  [] []
[2019-11-19T21:51:16.260376+05:30] Votech.INFO: voter [] []
[2019-11-19T21:51:16.266606+05:30] Votech.ERROR:  [] []
[2019-11-19T21:54:52.017609+05:30] Votech.INFO: voter [] []
[2019-11-19T21:54:52.023496+05:30] Votech.ERROR:  [] []
[2019-11-20T04:10:39.617405+05:30] Votech.INFO: voter [] []
[2019-11-20T04:10:39.621944+05:30] Votech.ERROR:  [] []
[2019-11-20T13:50:06.136796+05:30] Votech.INFO: admin [] []
[2019-11-20T13:50:06.140053+05:30] Votech.ERROR:  [] []
[2019-11-20T13:51:10.565433+05:30] Votech.INFO: voter [] []
[2019-11-20T13:51:10.566327+05:30] Votech.ERROR:  [] []
[2019-11-20T13:55:05.287242+05:30] Votech.INFO: voter [] []
[2019-11-20T13:55:05.288860+05:30] Votech.ERROR:  [] []
[2019-11-20T13:55:42.506287+05:30] Votech.INFO: admin [] []
[2019-11-20T13:55:42.508136+05:30] Votech.ERROR:  [] []
[2019-11-20T13:56:31.164329+05:30] Votech.INFO: voter [] []
[2019-11-20T13:56:31.165206+05:30] Votech.ERROR:  [] []
[2019-11-20T14:32:46.437920+05:30] Votech.INFO: admin [] []
[2019-11-20T14:32:46.439424+05:30] Votech.ERROR:  [] []
